[
  {
    "level_": 0,
    "message_": "android.ndkVersion from module build.gradle is [not set]",
    "file_": "",
    "tag_": "",
    "diagnosticCode_": 0,
    "memoizedIsInitialized": 1,
    "unknownFields": {
      "fields": {}
    },
    "memoizedSize": -1,
    "memoizedHashCode": 0
  },
  {
    "level_": 0,
    "message_": "android.ndkPath from module build.gradle is not set",
    "file_": "",
    "tag_": "",
    "diagnosticCode_": 0,
    "memoizedIsInitialized": 1,
    "unknownFields": {
      "fields": {}
    },
    "memoizedSize": -1,
    "memoizedHashCode": 0
  },
  {
    "level_": 0,
    "message_": "ndk.dir in local.properties is C:\\Users\\kalu\\AppData\\Local\\Android\\Sdk\\ndk\\25.2.9519653",
    "file_": "",
    "tag_": "",
    "diagnosticCode_": 0,
    "memoizedIsInitialized": 1,
    "unknownFields": {
      "fields": {}
    },
    "memoizedSize": -1,
    "memoizedHashCode": 0
  },
  {
    "level_": 0,
    "message_": "Not considering ANDROID_NDK_HOME because support was removed after deprecation period.",
    "file_": "",
    "tag_": "",
    "diagnosticCode_": 0,
    "memoizedIsInitialized": 1,
    "unknownFields": {
      "fields": {}
    },
    "memoizedSize": -1,
    "memoizedHashCode": 0
  },
  {
    "level_": 0,
    "message_": "sdkFolder is C:\\Users\\kalu\\AppData\\Local\\Android\\Sdk",
    "file_": "",
    "tag_": "",
    "diagnosticCode_": 0,
    "memoizedIsInitialized": 1,
    "unknownFields": {
      "fields": {}
    },
    "memoizedSize": -1,
    "memoizedHashCode": 0
  },
  {
    "level_": 0,
    "message_": "Because no explicit NDK was requested, the default version [25.1.8937393] for this Android Gradle Plugin will be used",
    "file_": "",
    "tag_": "",
    "diagnosticCode_": 0,
    "memoizedIsInitialized": 1,
    "unknownFields": {
      "fields": {}
    },
    "memoizedSize": -1,
    "memoizedHashCode": 0
  },
  {
    "level_": 0,
    "message_": "Checking whether deleting ndk.dir and setting android.ndkVersion to [25.2.9519653] would result in the same NDK",
    "file_": "",
    "tag_": "",
    "diagnosticCode_": 0,
    "memoizedIsInitialized": 1,
    "unknownFields": {
      "fields": {}
    },
    "memoizedSize": -1,
    "memoizedHashCode": 0
  },
  {
    "level_": 0,
    "message_": "android.ndkVersion from module build.gradle is [25.2.9519653]",
    "file_": "",
    "tag_": "ndk.dir delete check",
    "diagnosticCode_": 0,
    "memoizedIsInitialized": 1,
    "unknownFields": {
      "fields": {}
    },
    "memoizedSize": -1,
    "memoizedHashCode": 0
  },
  {
    "level_": 0,
    "message_": "android.ndkPath from module build.gradle is not set",
    "file_": "",
    "tag_": "ndk.dir delete check",
    "diagnosticCode_": 0,
    "memoizedIsInitialized": 1,
    "unknownFields": {
      "fields": {}
    },
    "memoizedSize": -1,
    "memoizedHashCode": 0
  },
  {
    "level_": 0,
    "message_": "ndk.dir in local.properties is not set",
    "file_": "",
    "tag_": "ndk.dir delete check",
    "diagnosticCode_": 0,
    "memoizedIsInitialized": 1,
    "unknownFields": {
      "fields": {}
    },
    "memoizedSize": -1,
    "memoizedHashCode": 0
  },
  {
    "level_": 0,
    "message_": "Not considering ANDROID_NDK_HOME because support was removed after deprecation period.",
    "file_": "",
    "tag_": "ndk.dir delete check",
    "diagnosticCode_": 0,
    "memoizedIsInitialized": 1,
    "unknownFields": {
      "fields": {}
    },
    "memoizedSize": -1,
    "memoizedHashCode": 0
  },
  {
    "level_": 0,
    "message_": "sdkFolder is C:\\Users\\kalu\\AppData\\Local\\Android\\Sdk",
    "file_": "",
    "tag_": "ndk.dir delete check",
    "diagnosticCode_": 0,
    "memoizedIsInitialized": 1,
    "unknownFields": {
      "fields": {}
    },
    "memoizedSize": -1,
    "memoizedHashCode": 0
  },
  {
    "level_": 0,
    "message_": "Deleting ndk.dir and setting android.ndkVersion to [25.2.9519653] would result in the same NDK.",
    "file_": "",
    "tag_": "ndk.dir delete check",
    "diagnosticCode_": 0,
    "memoizedIsInitialized": 1,
    "unknownFields": {
      "fields": {}
    },
    "memoizedSize": -1,
    "memoizedHashCode": 0
  },
  {
    "level_": 2,
    "message_": "NDK was located by using ndk.dir property. This method is deprecated and will be removed in a future release. Please delete ndk.dir from local.properties and set android.ndkVersion to [25.2.9519653] in all native modules in the project. https://developer.android.com/r/studio-ui/ndk-dir",
    "file_": "",
    "tag_": "",
    "diagnosticCode_": 5106,
    "memoizedIsInitialized": 1,
    "unknownFields": {
      "fields": {}
    },
    "memoizedSize": -1,
    "memoizedHashCode": 0
  }
]